# JRE version: Java(TM) SE Runtime Environment (17.0.10+11) (build 17.0.10+11-LTS-240)
# Java VM: Java HotSpot(TM) 64-Bit Server VM (17.0.10+11-LTS-240, mixed mode, sharing, tiered, compressed oops, compressed class ptrs, g1 gc, windows-amd64)
GC Precious Log:
 CPUs: 12 total, 12 available
 Memory: 32621M
 Large Page Support: Disabled
 NUMA Support: Disabled
 Compressed Oops: Enabled (Zero based)
 Heap Region Size: 4M
 Heap Min Capacity: 8M
 Heap Initial Capacity: 512M
 Heap Max Capacity: 8156M
 Pre-touch: Disabled
 Parallel Workers: 10
 Concurrent Workers: 3
 Concurrent Refinement Workers: 10
 Periodic GC: Disabled
Heap:
 garbage-first heap   total 401408K, used 141540K [0x0000000602400000, 0x0000000800000000)
  region size 4096K, 3 young (12288K), 3 survivors (12288K)
 Metaspace       used 31346K, committed 31744K, reserved 1114112K
  class space    used 3459K, committed 3648K, reserved 1048576K
GC Heap History (20 events):
Event: 4.862 GC heap after
{Heap after GC invocations=19 (full 0):
 garbage-first heap   total 323584K, used 115737K [0x0000000602400000, 0x0000000800000000)
  region size 4096K, 1 young (4096K), 1 survivors (4096K)
 Metaspace       used 28174K, committed 28480K, reserved 1114112K
  class space    used 3090K, committed 3264K, reserved 1048576K
}
Event: 5.365 GC heap before
{Heap before GC invocations=20 (full 0):
 garbage-first heap   total 323584K, used 226329K [0x0000000602400000, 0x0000000800000000)
  region size 4096K, 28 young (114688K), 1 survivors (4096K)
 Metaspace       used 29871K, committed 30208K, reserved 1114112K
  class space    used 3270K, committed 3456K, reserved 1048576K
}
Event: 5.368 GC heap after
{Heap after GC invocations=21 (full 0):
 garbage-first heap   total 323584K, used 117209K [0x0000000602400000, 0x0000000800000000)
  region size 4096K, 2 young (8192K), 2 survivors (8192K)
 Metaspace       used 29871K, committed 30208K, reserved 1114112K
  class space    used 3270K, committed 3456K, reserved 1048576K
}
Event: 5.556 GC heap before
{Heap before GC invocations=21 (full 0):
 garbage-first heap   total 323584K, used 231897K [0x0000000602400000, 0x0000000800000000)
  region size 4096K, 30 young (122880K), 2 survivors (8192K)
 Metaspace       used 30162K, committed 30464K, reserved 1114112K
  class space    used 3315K, committed 3456K, reserved 1048576K
}
Event: 5.560 GC heap after
{Heap after GC invocations=22 (full 0):
 garbage-first heap   total 323584K, used 118765K [0x0000000602400000, 0x0000000800000000)
  region size 4096K, 2 young (8192K), 2 survivors (8192K)
 Metaspace       used 30162K, committed 30464K, reserved 1114112K
  class space    used 3315K, committed 3456K, reserved 1048576K
}
Event: 5.858 GC heap before
{Heap before GC invocations=22 (full 0):
 garbage-first heap   total 323584K, used 241645K [0x0000000602400000, 0x0000000800000000)
  region size 4096K, 32 young (131072K), 2 survivors (8192K)
 Metaspace       used 30537K, committed 30912K, reserved 1114112K
  class space    used 3343K, committed 3520K, reserved 1048576K
}
Event: 5.863 GC heap after
{Heap after GC invocations=23 (full 0):
 garbage-first heap   total 323584K, used 122024K [0x0000000602400000, 0x0000000800000000)
  region size 4096K, 3 young (12288K), 3 survivors (12288K)
 Metaspace       used 30537K, committed 30912K, reserved 1114112K
  class space    used 3343K, committed 3520K, reserved 1048576K
}
Event: 6.086 GC heap before
{Heap before GC invocations=23 (full 0):
 garbage-first heap   total 323584K, used 249000K [0x0000000602400000, 0x0000000800000000)
  region size 4096K, 34 young (139264K), 3 survivors (12288K)
 Metaspace       used 30589K, committed 30976K, reserved 1114112K
  class space    used 3347K, committed 3520K, reserved 1048576K
}
Event: 6.094 GC heap after
{Heap after GC invocations=24 (full 0):
 garbage-first heap   total 323584K, used 127036K [0x0000000602400000, 0x0000000800000000)
  region size 4096K, 4 young (16384K), 4 survivors (16384K)
 Metaspace       used 30589K, committed 30976K, reserved 1114112K
  class space    used 3347K, committed 3520K, reserved 1048576K
}
Event: 6.285 GC heap before
{Heap before GC invocations=24 (full 0):
 garbage-first heap   total 323584K, used 254012K [0x0000000602400000, 0x0000000800000000)
  region size 4096K, 35 young (143360K), 4 survivors (16384K)
 Metaspace       used 30609K, committed 30976K, reserved 1114112K
  class space    used 3348K, committed 3520K, reserved 1048576K
}
Event: 6.293 GC heap after
{Heap after GC invocations=25 (full 0):
 garbage-first heap   total 323584K, used 131789K [0x0000000602400000, 0x0000000800000000)
  region size 4096K, 4 young (16384K), 4 survivors (16384K)
 Metaspace       used 30609K, committed 30976K, reserved 1114112K
  class space    used 3348K, committed 3520K, reserved 1048576K
}
Event: 6.447 GC heap before
{Heap before GC invocations=25 (full 0):
 garbage-first heap   total 323584K, used 258765K [0x0000000602400000, 0x0000000800000000)
  region size 4096K, 35 young (143360K), 4 survivors (16384K)
 Metaspace       used 30617K, committed 30976K, reserved 1114112K
  class space    used 3348K, committed 3520K, reserved 1048576K
}
Event: 6.453 GC heap after
{Heap after GC invocations=26 (full 0):
 garbage-first heap   total 397312K, used 132268K [0x0000000602400000, 0x0000000800000000)
  region size 4096K, 3 young (12288K), 3 survivors (12288K)
 Metaspace       used 30617K, committed 30976K, reserved 1114112K
  class space    used 3348K, committed 3520K, reserved 1048576K
}
Event: 6.821 GC heap before
{Heap before GC invocations=26 (full 0):
 garbage-first heap   total 397312K, used 320684K [0x0000000602400000, 0x0000000800000000)
  region size 4096K, 49 young (200704K), 3 survivors (12288K)
 Metaspace       used 30738K, committed 31104K, reserved 1114112K
  class space    used 3351K, committed 3520K, reserved 1048576K
}
Event: 6.828 GC heap after
{Heap after GC invocations=27 (full 0):
 garbage-first heap   total 397312K, used 141343K [0x0000000602400000, 0x0000000800000000)
  region size 4096K, 5 young (20480K), 5 survivors (20480K)
 Metaspace       used 30738K, committed 31104K, reserved 1114112K
  class space    used 3351K, committed 3520K, reserved 1048576K
}
Event: 7.133 GC heap before
{Heap before GC invocations=27 (full 0):
 garbage-first heap   total 397312K, used 321567K [0x0000000602400000, 0x0000000800000000)
  region size 4096K, 49 young (200704K), 5 survivors (20480K)
 Metaspace       used 30797K, committed 31168K, reserved 1114112K
  class space    used 3351K, committed 3520K, reserved 1048576K
}
Event: 7.140 GC heap after
{Heap after GC invocations=28 (full 0):
 garbage-first heap   total 397312K, used 142652K [0x0000000602400000, 0x0000000800000000)
  region size 4096K, 4 young (16384K), 4 survivors (16384K)
 Metaspace       used 30797K, committed 31168K, reserved 1114112K
  class space    used 3351K, committed 3520K, reserved 1048576K
}
Event: 7.381 GC heap before
{Heap before GC invocations=28 (full 0):
 garbage-first heap   total 397312K, used 318780K [0x0000000602400000, 0x0000000800000000)
  region size 4096K, 47 young (192512K), 4 survivors (16384K)
 Metaspace       used 30802K, committed 31168K, reserved 1114112K
  class space    used 3351K, committed 3520K, reserved 1048576K
}
Event: 7.391 GC heap after
{Heap after GC invocations=29 (full 0):
 garbage-first heap   total 397312K, used 141740K [0x0000000602400000, 0x0000000800000000)
  region size 4096K, 3 young (12288K), 3 survivors (12288K)
 Metaspace       used 30802K, committed 31168K, reserved 1114112K
  class space    used 3351K, committed 3520K, reserved 1048576K
}
Event: 7.670 GC heap before
{Heap before GC invocations=29 (full 0):
 garbage-first heap   total 397312K, used 317868K [0x0000000602400000, 0x0000000800000000)
  region size 4096K, 46 young (188416K), 3 survivors (12288K)
 Metaspace       used 31346K, committed 31744K, reserved 1114112K
  class space    used 3459K, committed 3648K, reserved 1048576K
}

