# JRE version: Java(TM) SE Runtime Environment (17.0.10+11) (build 17.0.10+11-LTS-240)
# Java VM: Java HotSpot(TM) 64-Bit Server VM (17.0.10+11-LTS-240, mixed mode, sharing, tiered, compressed oops, compressed class ptrs, g1 gc, windows-amd64)
GC Precious Log:
 CPUs: 12 total, 12 available
 Memory: 32621M
 Large Page Support: Disabled
 NUMA Support: Disabled
 Compressed Oops: Enabled (Zero based)
 Heap Region Size: 4M
 Heap Min Capacity: 8M
 Heap Initial Capacity: 512M
 Heap Max Capacity: 8156M
 Pre-touch: Disabled
 Parallel Workers: 10
 Concurrent Workers: 3
 Concurrent Refinement Workers: 10
 Periodic GC: Disabled
Heap:
 garbage-first heap   total 499712K, used 168991K [0x0000000602400000, 0x0000000800000000)
  region size 4096K, 14 young (57344K), 3 survivors (12288K)
 Metaspace       used 30600K, committed 30976K, reserved 1114112K
  class space    used 3348K, committed 3520K, reserved 1048576K
GC Heap History (20 events):
Event: 3.588 GC heap before
{Heap before GC invocations=9 (full 0):
 garbage-first heap   total 151552K, used 72837K [0x0000000602400000, 0x0000000800000000)
  region size 4096K, 4 young (16384K), 3 survivors (12288K)
 Metaspace       used 26432K, committed 26752K, reserved 1114112K
  class space    used 2981K, committed 3136K, reserved 1048576K
}
Event: 3.595 GC heap after
{Heap after GC invocations=10 (full 0):
 garbage-first heap   total 151552K, used 73125K [0x0000000602400000, 0x0000000800000000)
  region size 4096K, 1 young (4096K), 1 survivors (4096K)
 Metaspace       used 26432K, committed 26752K, reserved 1114112K
  class space    used 2981K, committed 3136K, reserved 1048576K
}
Event: 3.787 GC heap before
{Heap before GC invocations=10 (full 0):
 garbage-first heap   total 151552K, used 109989K [0x0000000602400000, 0x0000000800000000)
  region size 4096K, 10 young (40960K), 1 survivors (4096K)
 Metaspace       used 26465K, committed 26816K, reserved 1114112K
  class space    used 2981K, committed 3136K, reserved 1048576K
}
Event: 3.792 GC heap after
{Heap after GC invocations=11 (full 0):
 garbage-first heap   total 151552K, used 86016K [0x0000000602400000, 0x0000000800000000)
  region size 4096K, 2 young (8192K), 2 survivors (8192K)
 Metaspace       used 26465K, committed 26816K, reserved 1114112K
  class space    used 2981K, committed 3136K, reserved 1048576K
}
Event: 3.914 GC heap before
{Heap before GC invocations=12 (full 0):
 garbage-first heap   total 159744K, used 110592K [0x0000000602400000, 0x0000000800000000)
  region size 4096K, 8 young (32768K), 2 survivors (8192K)
 Metaspace       used 27032K, committed 27392K, reserved 1114112K
  class space    used 3032K, committed 3200K, reserved 1048576K
}
Event: 3.920 GC heap after
{Heap after GC invocations=13 (full 0):
 garbage-first heap   total 159744K, used 92552K [0x0000000602400000, 0x0000000800000000)
  region size 4096K, 1 young (4096K), 1 survivors (4096K)
 Metaspace       used 27032K, committed 27392K, reserved 1114112K
  class space    used 3032K, committed 3200K, reserved 1048576K
}
Event: 3.999 GC heap before
{Heap before GC invocations=13 (full 0):
 garbage-first heap   total 159744K, used 117128K [0x0000000602400000, 0x0000000800000000)
  region size 4096K, 7 young (28672K), 1 survivors (4096K)
 Metaspace       used 27328K, committed 27648K, reserved 1114112K
  class space    used 3044K, committed 3200K, reserved 1048576K
}
Event: 4.006 GC heap after
{Heap after GC invocations=14 (full 0):
 garbage-first heap   total 159744K, used 97640K [0x0000000602400000, 0x0000000800000000)
  region size 4096K, 1 young (4096K), 1 survivors (4096K)
 Metaspace       used 27328K, committed 27648K, reserved 1114112K
  class space    used 3044K, committed 3200K, reserved 1048576K
}
Event: 4.107 GC heap before
{Heap before GC invocations=15 (full 0):
 garbage-first heap   total 180224K, used 122216K [0x0000000602400000, 0x0000000800000000)
  region size 4096K, 7 young (28672K), 1 survivors (4096K)
 Metaspace       used 27437K, committed 27776K, reserved 1114112K
  class space    used 3048K, committed 3200K, reserved 1048576K
}
Event: 4.112 GC heap after
{Heap after GC invocations=16 (full 0):
 garbage-first heap   total 180224K, used 101740K [0x0000000602400000, 0x0000000800000000)
  region size 4096K, 1 young (4096K), 1 survivors (4096K)
 Metaspace       used 27437K, committed 27776K, reserved 1114112K
  class space    used 3048K, committed 3200K, reserved 1048576K
}
Event: 4.152 GC heap before
{Heap before GC invocations=16 (full 0):
 garbage-first heap   total 180224K, used 109932K [0x0000000602400000, 0x0000000800000000)
  region size 4096K, 4 young (16384K), 1 survivors (4096K)
 Metaspace       used 27488K, committed 27776K, reserved 1114112K
  class space    used 3048K, committed 3200K, reserved 1048576K
}
Event: 4.156 GC heap after
{Heap after GC invocations=17 (full 0):
 garbage-first heap   total 360448K, used 103648K [0x0000000602400000, 0x0000000800000000)
  region size 4096K, 2 young (8192K), 2 survivors (8192K)
 Metaspace       used 27488K, committed 27776K, reserved 1114112K
  class space    used 3048K, committed 3200K, reserved 1048576K
}
Event: 4.816 GC heap before
{Heap before GC invocations=17 (full 0):
 garbage-first heap   total 360448K, used 242912K [0x0000000602400000, 0x0000000800000000)
  region size 4096K, 35 young (143360K), 2 survivors (8192K)
 Metaspace       used 29811K, committed 30208K, reserved 1114112K
  class space    used 3271K, committed 3456K, reserved 1048576K
}
Event: 4.826 GC heap after
{Heap after GC invocations=18 (full 0):
 garbage-first heap   total 360448K, used 118106K [0x0000000602400000, 0x0000000800000000)
  region size 4096K, 4 young (16384K), 4 survivors (16384K)
 Metaspace       used 29811K, committed 30208K, reserved 1114112K
  class space    used 3271K, committed 3456K, reserved 1048576K
}
Event: 5.053 GC heap before
{Heap before GC invocations=18 (full 0):
 garbage-first heap   total 360448K, used 253274K [0x0000000602400000, 0x0000000800000000)
  region size 4096K, 37 young (151552K), 4 survivors (16384K)
 Metaspace       used 29875K, committed 30208K, reserved 1114112K
  class space    used 3271K, committed 3456K, reserved 1048576K
}
Event: 5.060 GC heap after
{Heap after GC invocations=19 (full 0):
 garbage-first heap   total 360448K, used 117619K [0x0000000602400000, 0x0000000800000000)
  region size 4096K, 3 young (12288K), 3 survivors (12288K)
 Metaspace       used 29875K, committed 30208K, reserved 1114112K
  class space    used 3271K, committed 3456K, reserved 1048576K
}
Event: 5.387 GC heap before
{Heap before GC invocations=19 (full 0):
 garbage-first heap   total 360448K, used 260979K [0x0000000602400000, 0x0000000800000000)
  region size 4096K, 38 young (155648K), 3 survivors (12288K)
 Metaspace       used 30521K, committed 30912K, reserved 1114112K
  class space    used 3342K, committed 3520K, reserved 1048576K
}
Event: 5.393 GC heap after
{Heap after GC invocations=20 (full 0):
 garbage-first heap   total 360448K, used 121573K [0x0000000602400000, 0x0000000800000000)
  region size 4096K, 4 young (16384K), 4 survivors (16384K)
 Metaspace       used 30521K, committed 30912K, reserved 1114112K
  class space    used 3342K, committed 3520K, reserved 1048576K
}
Event: 5.630 GC heap before
{Heap before GC invocations=20 (full 0):
 garbage-first heap   total 360448K, used 269029K [0x0000000602400000, 0x0000000800000000)
  region size 4096K, 40 young (163840K), 4 survivors (16384K)
 Metaspace       used 30595K, committed 30976K, reserved 1114112K
  class space    used 3347K, committed 3520K, reserved 1048576K
}
Event: 5.638 GC heap after
{Heap after GC invocations=21 (full 0):
 garbage-first heap   total 499712K, used 128031K [0x0000000602400000, 0x0000000800000000)
  region size 4096K, 3 young (12288K), 3 survivors (12288K)
 Metaspace       used 30595K, committed 30976K, reserved 1114112K
  class space    used 3347K, committed 3520K, reserved 1048576K
}

