# JRE version: Java(TM) SE Runtime Environment (17.0.10+11) (build 17.0.10+11-LTS-240)
# Java VM: Java HotSpot(TM) 64-Bit Server VM (17.0.10+11-LTS-240, mixed mode, emulated-client, sharing, tiered, compressed oops, compressed class ptrs, g1 gc, windows-amd64)
GC Precious Log:
 CPUs: 12 total, 12 available
 Memory: 32621M
 Large Page Support: Disabled
 NUMA Support: Disabled
 Compressed Oops: Enabled (32-bit)
 Heap Region Size: 1M
 Heap Min Capacity: 8M
 Heap Initial Capacity: 510M
 Heap Max Capacity: 1536M
 Pre-touch: Disabled
 Parallel Workers: 10
 Concurrent Workers: 3
 Concurrent Refinement Workers: 10
 Periodic GC: Disabled
Heap:
 garbage-first heap   total 322560K, used 120983K [0x00000000a0000000, 0x0000000100000000)
  region size 1024K, 1 young (1024K), 1 survivors (1024K)
 Metaspace       used 102766K, committed 103360K, reserved 1179648K
  class space    used 13638K, committed 13952K, reserved 1048576K
GC Heap History (20 events):
Event: 17.466 GC heap after
{Heap after GC invocations=91 (full 0):
 garbage-first heap   total 247808K, used 137215K [0x00000000a0000000, 0x0000000100000000)
  region size 1024K, 1 young (1024K), 1 survivors (1024K)
 Metaspace       used 102766K, committed 103360K, reserved 1179648K
  class space    used 13638K, committed 13952K, reserved 1048576K
}
Event: 17.468 GC heap before
{Heap before GC invocations=91 (full 0):
 garbage-first heap   total 247808K, used 143359K [0x00000000a0000000, 0x0000000100000000)
  region size 1024K, 2 young (2048K), 1 survivors (1024K)
 Metaspace       used 102766K, committed 103360K, reserved 1179648K
  class space    used 13638K, committed 13952K, reserved 1048576K
}
Event: 17.468 GC heap after
{Heap after GC invocations=92 (full 0):
 garbage-first heap   total 247808K, used 143365K [0x00000000a0000000, 0x0000000100000000)
  region size 1024K, 1 young (1024K), 1 survivors (1024K)
 Metaspace       used 102766K, committed 103360K, reserved 1179648K
  class space    used 13638K, committed 13952K, reserved 1048576K
}
Event: 17.571 GC heap before
{Heap before GC invocations=93 (full 0):
 garbage-first heap   total 268288K, used 209925K [0x00000000a0000000, 0x0000000100000000)
  region size 1024K, 76 young (77824K), 1 survivors (1024K)
 Metaspace       used 102766K, committed 103360K, reserved 1179648K
  class space    used 13638K, committed 13952K, reserved 1048576K
}
Event: 17.572 GC heap after
{Heap after GC invocations=94 (full 0):
 garbage-first heap   total 268288K, used 133169K [0x00000000a0000000, 0x0000000100000000)
  region size 1024K, 1 young (1024K), 1 survivors (1024K)
 Metaspace       used 102766K, committed 103360K, reserved 1179648K
  class space    used 13638K, committed 13952K, reserved 1048576K
}
Event: 17.586 GC heap before
{Heap before GC invocations=94 (full 0):
 garbage-first heap   total 268288K, used 145457K [0x00000000a0000000, 0x0000000100000000)
  region size 1024K, 13 young (13312K), 1 survivors (1024K)
 Metaspace       used 102766K, committed 103360K, reserved 1179648K
  class space    used 13638K, committed 13952K, reserved 1048576K
}
Event: 17.587 GC heap after
{Heap after GC invocations=95 (full 0):
 garbage-first heap   total 268288K, used 131358K [0x00000000a0000000, 0x0000000100000000)
  region size 1024K, 1 young (1024K), 1 survivors (1024K)
 Metaspace       used 102766K, committed 103360K, reserved 1179648K
  class space    used 13638K, committed 13952K, reserved 1048576K
}
Event: 17.706 GC heap before
{Heap before GC invocations=95 (full 0):
 garbage-first heap   total 268288K, used 237854K [0x00000000a0000000, 0x0000000100000000)
  region size 1024K, 105 young (107520K), 1 survivors (1024K)
 Metaspace       used 102766K, committed 103360K, reserved 1179648K
  class space    used 13638K, committed 13952K, reserved 1048576K
}
Event: 17.706 GC heap after
{Heap after GC invocations=96 (full 0):
 garbage-first heap   total 268288K, used 131367K [0x00000000a0000000, 0x0000000100000000)
  region size 1024K, 1 young (1024K), 1 survivors (1024K)
 Metaspace       used 102766K, committed 103360K, reserved 1179648K
  class space    used 13638K, committed 13952K, reserved 1048576K
}
Event: 17.823 GC heap before
{Heap before GC invocations=97 (full 0):
 garbage-first heap   total 268288K, used 229671K [0x00000000a0000000, 0x0000000100000000)
  region size 1024K, 105 young (107520K), 1 survivors (1024K)
 Metaspace       used 102766K, committed 103360K, reserved 1179648K
  class space    used 13638K, committed 13952K, reserved 1048576K
}
Event: 17.824 GC heap after
{Heap after GC invocations=98 (full 0):
 garbage-first heap   total 268288K, used 123200K [0x00000000a0000000, 0x0000000100000000)
  region size 1024K, 1 young (1024K), 1 survivors (1024K)
 Metaspace       used 102766K, committed 103360K, reserved 1179648K
  class space    used 13638K, committed 13952K, reserved 1048576K
}
Event: 17.836 GC heap before
{Heap before GC invocations=98 (full 0):
 garbage-first heap   total 268288K, used 135488K [0x00000000a0000000, 0x0000000100000000)
  region size 1024K, 13 young (13312K), 1 survivors (1024K)
 Metaspace       used 102766K, committed 103360K, reserved 1179648K
  class space    used 13638K, committed 13952K, reserved 1048576K
}
Event: 17.838 GC heap after
{Heap after GC invocations=99 (full 0):
 garbage-first heap   total 268288K, used 122077K [0x00000000a0000000, 0x0000000100000000)
  region size 1024K, 1 young (1024K), 1 survivors (1024K)
 Metaspace       used 102766K, committed 103360K, reserved 1179648K
  class space    used 13638K, committed 13952K, reserved 1048576K
}
Event: 17.962 GC heap before
{Heap before GC invocations=99 (full 0):
 garbage-first heap   total 268288K, used 237789K [0x00000000a0000000, 0x0000000100000000)
  region size 1024K, 114 young (116736K), 1 survivors (1024K)
 Metaspace       used 102766K, committed 103360K, reserved 1179648K
  class space    used 13638K, committed 13952K, reserved 1048576K
}
Event: 17.963 GC heap after
{Heap after GC invocations=100 (full 0):
 garbage-first heap   total 268288K, used 122037K [0x00000000a0000000, 0x0000000100000000)
  region size 1024K, 1 young (1024K), 1 survivors (1024K)
 Metaspace       used 102766K, committed 103360K, reserved 1179648K
  class space    used 13638K, committed 13952K, reserved 1048576K
}
Event: 18.098 GC heap before
{Heap before GC invocations=101 (full 0):
 garbage-first heap   total 268288K, used 237749K [0x00000000a0000000, 0x0000000100000000)
  region size 1024K, 114 young (116736K), 1 survivors (1024K)
 Metaspace       used 102766K, committed 103360K, reserved 1179648K
  class space    used 13638K, committed 13952K, reserved 1048576K
}
Event: 18.098 GC heap after
{Heap after GC invocations=102 (full 0):
 garbage-first heap   total 268288K, used 122067K [0x00000000a0000000, 0x0000000100000000)
  region size 1024K, 1 young (1024K), 1 survivors (1024K)
 Metaspace       used 102766K, committed 103360K, reserved 1179648K
  class space    used 13638K, committed 13952K, reserved 1048576K
}
Event: 18.112 GC heap before
{Heap before GC invocations=102 (full 0):
 garbage-first heap   total 268288K, used 134355K [0x00000000a0000000, 0x0000000100000000)
  region size 1024K, 13 young (13312K), 1 survivors (1024K)
 Metaspace       used 102766K, committed 103360K, reserved 1179648K
  class space    used 13638K, committed 13952K, reserved 1048576K
}
Event: 18.114 GC heap after
{Heap after GC invocations=103 (full 0):
 garbage-first heap   total 268288K, used 120987K [0x00000000a0000000, 0x0000000100000000)
  region size 1024K, 1 young (1024K), 1 survivors (1024K)
 Metaspace       used 102766K, committed 103360K, reserved 1179648K
  class space    used 13638K, committed 13952K, reserved 1048576K
}
Event: 18.246 GC heap before
{Heap before GC invocations=103 (full 0):
 garbage-first heap   total 268288K, used 237723K [0x00000000a0000000, 0x0000000100000000)
  region size 1024K, 115 young (117760K), 1 survivors (1024K)
 Metaspace       used 102766K, committed 103360K, reserved 1179648K
  class space    used 13638K, committed 13952K, reserved 1048576K
}

