# JRE version: Java(TM) SE Runtime Environment (17.0.10+11) (build 17.0.10+11-LTS-240)
# Java VM: Java HotSpot(TM) 64-Bit Server VM (17.0.10+11-LTS-240, mixed mode, emulated-client, sharing, tiered, compressed oops, compressed class ptrs, g1 gc, windows-amd64)
GC Precious Log:
 CPUs: 12 total, 12 available
 Memory: 32621M
 Large Page Support: Disabled
 NUMA Support: Disabled
 Compressed Oops: Enabled (32-bit)
 Heap Region Size: 1M
 Heap Min Capacity: 8M
 Heap Initial Capacity: 510M
 Heap Max Capacity: 1536M
 Pre-touch: Disabled
 Parallel Workers: 10
 Concurrent Workers: 3
 Concurrent Refinement Workers: 10
 Periodic GC: Disabled
Heap:
 garbage-first heap   total 417792K, used 187542K [0x00000000a0000000, 0x0000000100000000)
  region size 1024K, 1 young (1024K), 1 survivors (1024K)
 Metaspace       used 107956K, committed 108608K, reserved 1179648K
  class space    used 14264K, committed 14592K, reserved 1048576K
GC Heap History (20 events):
Event: 16.124 GC heap after
{Heap after GC invocations=61 (full 0):
 garbage-first heap   total 382976K, used 176324K [0x00000000a0000000, 0x0000000100000000)
  region size 1024K, 2 young (2048K), 2 survivors (2048K)
 Metaspace       used 107952K, committed 108608K, reserved 1179648K
  class space    used 14263K, committed 14592K, reserved 1048576K
}
Event: 16.125 GC heap before
{Heap before GC invocations=61 (full 0):
 garbage-first heap   total 382976K, used 179396K [0x00000000a0000000, 0x0000000100000000)
  region size 1024K, 3 young (3072K), 2 survivors (2048K)
 Metaspace       used 107952K, committed 108608K, reserved 1179648K
  class space    used 14263K, committed 14592K, reserved 1048576K
}
Event: 16.126 GC heap after
{Heap after GC invocations=62 (full 0):
 garbage-first heap   total 382976K, used 179342K [0x00000000a0000000, 0x0000000100000000)
  region size 1024K, 2 young (2048K), 2 survivors (2048K)
 Metaspace       used 107952K, committed 108608K, reserved 1179648K
  class space    used 14263K, committed 14592K, reserved 1048576K
}
Event: 16.316 GC heap before
{Heap before GC invocations=63 (full 0):
 garbage-first heap   total 382976K, used 344206K [0x00000000a0000000, 0x0000000100000000)
  region size 1024K, 159 young (162816K), 2 survivors (2048K)
 Metaspace       used 107956K, committed 108608K, reserved 1179648K
  class space    used 14264K, committed 14592K, reserved 1048576K
}
Event: 16.317 GC heap after
{Heap after GC invocations=64 (full 0):
 garbage-first heap   total 382976K, used 182734K [0x00000000a0000000, 0x0000000100000000)
  region size 1024K, 2 young (2048K), 2 survivors (2048K)
 Metaspace       used 107956K, committed 108608K, reserved 1179648K
  class space    used 14264K, committed 14592K, reserved 1048576K
}
Event: 16.335 GC heap before
{Heap before GC invocations=64 (full 0):
 garbage-first heap   total 382976K, used 199118K [0x00000000a0000000, 0x0000000100000000)
  region size 1024K, 18 young (18432K), 2 survivors (2048K)
 Metaspace       used 107956K, committed 108608K, reserved 1179648K
  class space    used 14264K, committed 14592K, reserved 1048576K
}
Event: 16.337 GC heap after
{Heap after GC invocations=65 (full 0):
 garbage-first heap   total 382976K, used 181032K [0x00000000a0000000, 0x0000000100000000)
  region size 1024K, 2 young (2048K), 2 survivors (2048K)
 Metaspace       used 107956K, committed 108608K, reserved 1179648K
  class space    used 14264K, committed 14592K, reserved 1048576K
}
Event: 16.347 GC heap before
{Heap before GC invocations=65 (full 0):
 garbage-first heap   total 382976K, used 190248K [0x00000000a0000000, 0x0000000100000000)
  region size 1024K, 12 young (12288K), 2 survivors (2048K)
 Metaspace       used 107956K, committed 108608K, reserved 1179648K
  class space    used 14264K, committed 14592K, reserved 1048576K
}
Event: 16.348 GC heap after
{Heap after GC invocations=66 (full 0):
 garbage-first heap   total 382976K, used 181226K [0x00000000a0000000, 0x0000000100000000)
  region size 1024K, 1 young (1024K), 1 survivors (1024K)
 Metaspace       used 107956K, committed 108608K, reserved 1179648K
  class space    used 14264K, committed 14592K, reserved 1048576K
}
Event: 16.526 GC heap before
{Heap before GC invocations=67 (full 0):
 garbage-first heap   total 382976K, used 352234K [0x00000000a0000000, 0x0000000100000000)
  region size 1024K, 158 young (161792K), 1 survivors (1024K)
 Metaspace       used 107956K, committed 108608K, reserved 1179648K
  class space    used 14264K, committed 14592K, reserved 1048576K
}
Event: 16.527 GC heap after
{Heap after GC invocations=68 (full 0):
 garbage-first heap   total 382976K, used 186382K [0x00000000a0000000, 0x0000000100000000)
  region size 1024K, 1 young (1024K), 1 survivors (1024K)
 Metaspace       used 107956K, committed 108608K, reserved 1179648K
  class space    used 14264K, committed 14592K, reserved 1048576K
}
Event: 16.549 GC heap before
{Heap before GC invocations=68 (full 0):
 garbage-first heap   total 382976K, used 203790K [0x00000000a0000000, 0x0000000100000000)
  region size 1024K, 18 young (18432K), 1 survivors (1024K)
 Metaspace       used 107956K, committed 108608K, reserved 1179648K
  class space    used 14264K, committed 14592K, reserved 1048576K
}
Event: 16.551 GC heap after
{Heap after GC invocations=69 (full 0):
 garbage-first heap   total 382976K, used 185046K [0x00000000a0000000, 0x0000000100000000)
  region size 1024K, 1 young (1024K), 1 survivors (1024K)
 Metaspace       used 107956K, committed 108608K, reserved 1179648K
  class space    used 14264K, committed 14592K, reserved 1048576K
}
Event: 16.659 GC heap before
{Heap before GC invocations=69 (full 0):
 garbage-first heap   total 382976K, used 289494K [0x00000000a0000000, 0x0000000100000000)
  region size 1024K, 104 young (106496K), 1 survivors (1024K)
 Metaspace       used 107956K, committed 108608K, reserved 1179648K
  class space    used 14264K, committed 14592K, reserved 1048576K
}
Event: 16.660 GC heap after
{Heap after GC invocations=70 (full 0):
 garbage-first heap   total 382976K, used 185121K [0x00000000a0000000, 0x0000000100000000)
  region size 1024K, 1 young (1024K), 1 survivors (1024K)
 Metaspace       used 107956K, committed 108608K, reserved 1179648K
  class space    used 14264K, committed 14592K, reserved 1048576K
}
Event: 16.842 GC heap before
{Heap before GC invocations=71 (full 0):
 garbage-first heap   total 382976K, used 351009K [0x00000000a0000000, 0x0000000100000000)
  region size 1024K, 155 young (158720K), 1 survivors (1024K)
 Metaspace       used 107956K, committed 108608K, reserved 1179648K
  class space    used 14264K, committed 14592K, reserved 1048576K
}
Event: 16.843 GC heap after
{Heap after GC invocations=72 (full 0):
 garbage-first heap   total 382976K, used 188318K [0x00000000a0000000, 0x0000000100000000)
  region size 1024K, 1 young (1024K), 1 survivors (1024K)
 Metaspace       used 107956K, committed 108608K, reserved 1179648K
  class space    used 14264K, committed 14592K, reserved 1048576K
}
Event: 16.862 GC heap before
{Heap before GC invocations=72 (full 0):
 garbage-first heap   total 382976K, used 205726K [0x00000000a0000000, 0x0000000100000000)
  region size 1024K, 18 young (18432K), 1 survivors (1024K)
 Metaspace       used 107956K, committed 108608K, reserved 1179648K
  class space    used 14264K, committed 14592K, reserved 1048576K
}
Event: 16.864 GC heap after
{Heap after GC invocations=73 (full 0):
 garbage-first heap   total 382976K, used 187454K [0x00000000a0000000, 0x0000000100000000)
  region size 1024K, 1 young (1024K), 1 survivors (1024K)
 Metaspace       used 107956K, committed 108608K, reserved 1179648K
  class space    used 14264K, committed 14592K, reserved 1048576K
}
Event: 16.898 GC heap before
{Heap before GC invocations=73 (full 0):
 garbage-first heap   total 382976K, used 219198K [0x00000000a0000000, 0x0000000100000000)
  region size 1024K, 33 young (33792K), 1 survivors (1024K)
 Metaspace       used 107956K, committed 108608K, reserved 1179648K
  class space    used 14264K, committed 14592K, reserved 1048576K
}

